2025-03-04 01:24:29,588 - passlib.handlers.bcrypt - WARNING - (trapped) error reading bcrypt version
Traceback (most recent call last):
  File "/home/panda/mfa/financial-decision/venv/lib/python3.10/site-packages/passlib/handlers/bcrypt.py", line 620, in _load_backend_mixin
    version = _bcrypt.__about__.__version__
AttributeError: module 'bcrypt' has no attribute '__about__'
2025-03-04 01:27:15,298 - fastapi - INFO - User: Anonymous | Request: GET http://127.0.0.1:8000/
2025-03-04 01:27:15,300 - fastapi - INFO - Response: 200 | Time taken: 0.0025 sec
2025-03-04 01:32:06,204 - fastapi - INFO - User: Anonymous | Request: POST http://localhost:8000/auth/login
2025-03-04 01:32:06,217 - passlib.handlers.bcrypt - WARNING - (trapped) error reading bcrypt version
Traceback (most recent call last):
  File "/home/panda/mfa/financial-decision/venv/lib/python3.10/site-packages/passlib/handlers/bcrypt.py", line 620, in _load_backend_mixin
    version = _bcrypt.__about__.__version__
AttributeError: module 'bcrypt' has no attribute '__about__'
2025-03-04 01:32:06,394 - fastapi - INFO - Response: 200 | Time taken: 0.1901 sec
2025-03-04 01:32:34,986 - fastapi - INFO - User: Anonymous | Request: GET http://localhost:8000/
2025-03-04 01:32:34,987 - fastapi - INFO - Response: 200 | Time taken: 0.0006 sec
2025-03-04 01:32:53,085 - fastapi - INFO - User: Anonymous | Request: POST http://localhost:8000/auth/login
2025-03-04 01:32:53,250 - fastapi - INFO - Response: 200 | Time taken: 0.1652 sec
2025-03-04 01:34:58,269 - fastapi - INFO - User: Anonymous | Request: GET http://localhost:8000/auth/login
2025-03-04 01:34:58,270 - fastapi - INFO - Response: 405 | Time taken: 0.0005 sec
2025-03-04 01:44:33,559 - fastapi - INFO - User: Anonymous | Request: POST http://localhost:8000/auth/login
2025-03-04 01:44:33,724 - fastapi - INFO - Response: 200 | Time taken: 0.1652 sec
2025-03-04 01:44:34,169 - fastapi - INFO - User: Anonymous | Request: POST http://localhost:8000/auth/login
2025-03-04 01:44:34,334 - fastapi - INFO - Response: 200 | Time taken: 0.1651 sec
2025-03-04 01:44:34,779 - fastapi - INFO - User: Anonymous | Request: POST http://localhost:8000/auth/login
2025-03-04 01:44:34,943 - fastapi - INFO - Response: 200 | Time taken: 0.1644 sec
2025-03-04 01:44:35,371 - fastapi - INFO - User: Anonymous | Request: POST http://localhost:8000/auth/login
2025-03-04 01:44:35,536 - fastapi - INFO - Response: 200 | Time taken: 0.1650 sec
2025-03-04 01:44:35,951 - fastapi - INFO - User: Anonymous | Request: POST http://localhost:8000/auth/login
2025-03-04 01:44:36,115 - fastapi - INFO - Response: 200 | Time taken: 0.1644 sec
2025-03-04 01:44:36,513 - fastapi - WARNING - Rate limit exceeded for IP: 127.0.0.1
2025-03-04 01:44:38,066 - fastapi - WARNING - Rate limit exceeded for IP: 127.0.0.1
2025-03-04 01:44:38,874 - fastapi - WARNING - Rate limit exceeded for IP: 127.0.0.1
2025-03-04 01:44:39,804 - fastapi - WARNING - Rate limit exceeded for IP: 127.0.0.1
2025-03-04 01:52:08,630 - fastapi - INFO - User: Anonymous | Request: POST http://localhost:8000/auth/login
2025-03-04 01:52:08,795 - fastapi - INFO - Response: 200 | Time taken: 0.1649 sec
2025-03-04 01:52:09,612 - fastapi - INFO - User: Anonymous | Request: POST http://localhost:8000/auth/login
2025-03-04 01:52:09,777 - fastapi - INFO - Response: 200 | Time taken: 0.1648 sec
2025-03-04 01:52:10,353 - fastapi - INFO - User: Anonymous | Request: POST http://localhost:8000/auth/login
2025-03-04 01:52:10,518 - fastapi - INFO - Response: 200 | Time taken: 0.1645 sec
2025-03-04 01:52:10,974 - fastapi - INFO - User: Anonymous | Request: POST http://localhost:8000/auth/login
2025-03-04 01:52:11,138 - fastapi - INFO - Response: 200 | Time taken: 0.1646 sec
2025-03-04 01:52:11,526 - fastapi - INFO - User: Anonymous | Request: POST http://localhost:8000/auth/login
2025-03-04 01:52:11,691 - fastapi - INFO - Response: 200 | Time taken: 0.1651 sec
2025-03-04 01:52:12,126 - fastapi - WARNING - Rate limit exceeded for IP: 127.0.0.1
2025-03-04 01:52:12,919 - fastapi - WARNING - Rate limit exceeded for IP: 127.0.0.1
2025-03-04 01:52:13,546 - fastapi - WARNING - Rate limit exceeded for IP: 127.0.0.1
2025-03-04 01:53:47,697 - fastapi - INFO - User: Anonymous | Request: GET http://localhost:8000/
2025-03-04 01:53:47,699 - fastapi - INFO - Response: 200 | Time taken: 0.0026 sec
2025-03-04 01:53:55,366 - fastapi - INFO - User: Anonymous | Request: POST http://localhost:8000/auth/login
2025-03-04 01:53:55,381 - passlib.handlers.bcrypt - WARNING - (trapped) error reading bcrypt version
Traceback (most recent call last):
  File "/home/panda/mfa/financial-decision/venv/lib/python3.10/site-packages/passlib/handlers/bcrypt.py", line 620, in _load_backend_mixin
    version = _bcrypt.__about__.__version__
AttributeError: module 'bcrypt' has no attribute '__about__'
2025-03-04 01:53:55,558 - fastapi - INFO - Response: 200 | Time taken: 0.1924 sec
2025-03-04 01:53:57,039 - fastapi - INFO - User: Anonymous | Request: POST http://localhost:8000/auth/login
2025-03-04 01:53:57,203 - fastapi - INFO - Response: 200 | Time taken: 0.1647 sec
2025-03-04 01:53:57,786 - fastapi - INFO - User: Anonymous | Request: POST http://localhost:8000/auth/login
2025-03-04 01:53:57,952 - fastapi - INFO - Response: 200 | Time taken: 0.1662 sec
2025-03-04 01:53:58,503 - fastapi - INFO - User: Anonymous | Request: POST http://localhost:8000/auth/login
2025-03-04 01:53:58,668 - fastapi - INFO - Response: 200 | Time taken: 0.1652 sec
2025-03-04 01:53:59,137 - fastapi - WARNING - Rate limit exceeded for IP: 127.0.0.1
2025-03-04 01:53:59,809 - fastapi - WARNING - Rate limit exceeded for IP: 127.0.0.1
2025-03-04 01:54:00,353 - fastapi - WARNING - Rate limit exceeded for IP: 127.0.0.1
2025-03-04 02:33:59,195 - fastapi - INFO - User: Anonymous | Request: GET http://localhost:8000/
2025-03-04 02:33:59,198 - fastapi - INFO - Response: 200 | Time taken: 0.0026 sec
2025-03-04 02:34:12,470 - fastapi - INFO - User: Anonymous | Request: POST http://localhost:8000/auth/login
2025-03-04 02:34:12,470 - fastapi - INFO - Response: 404 | Time taken: 0.0005 sec
2025-03-04 02:34:18,247 - fastapi - INFO - User: Anonymous | Request: POST http://localhost:8000/auth/login
2025-03-04 02:34:18,247 - fastapi - INFO - Response: 404 | Time taken: 0.0004 sec
2025-03-04 02:36:16,159 - fastapi - INFO - User: Anonymous | Request: GET http://127.0.0.1:8000/
2025-03-04 02:36:16,160 - fastapi - INFO - Response: 200 | Time taken: 0.0008 sec
2025-03-04 02:38:24,079 - fastapi - INFO - User: Anonymous | Request: POST http://localhost:8000/auth/login
2025-03-04 02:38:24,079 - fastapi - INFO - Response: 404 | Time taken: 0.0005 sec
2025-03-04 02:38:36,076 - fastapi - INFO - User: Anonymous | Request: POST http://localhost:8000/auth/login
2025-03-04 02:38:36,090 - passlib.handlers.bcrypt - WARNING - (trapped) error reading bcrypt version
Traceback (most recent call last):
  File "/home/panda/mfa/financial-decision/venv/lib/python3.10/site-packages/passlib/handlers/bcrypt.py", line 620, in _load_backend_mixin
    version = _bcrypt.__about__.__version__
AttributeError: module 'bcrypt' has no attribute '__about__'
2025-03-04 02:38:36,269 - fastapi - INFO - Response: 200 | Time taken: 0.1930 sec
2025-03-04 02:41:39,803 - fastapi - INFO - User: test@ting.com | Request: GET http://localhost:8000/users/me
2025-03-04 02:41:39,820 - fastapi - INFO - Response: 200 | Time taken: 0.0164 sec
2025-03-04 02:45:07,100 - fastapi - WARNING - Invalid token detected for request: http://localhost:8000/users/me
2025-03-04 02:45:07,100 - fastapi - INFO - Unauthenticated access attempt to http://localhost:8000/users/me
2025-03-04 02:54:51,936 - fastapi - INFO - DB URL fetched from .env file
2025-03-04 02:55:05,255 - fastapi - INFO - User: Anonymous | Request: GET http://localhost:8000/
2025-03-04 02:55:05,257 - fastapi - INFO - Response: 200 | Time taken: 0.0026 sec
2025-03-04 03:39:25,503 - fastapi - INFO - User: Anonymous | Request: GET http://localhost:8000/
2025-03-04 03:39:25,524 - fastapi - INFO - Response: 200 | Time taken: 0.0207 sec
2025-03-04 03:39:26,112 - fastapi - INFO - User: Anonymous | Request: GET http://localhost:8000/
2025-03-04 03:39:26,113 - fastapi - INFO - Response: 200 | Time taken: 0.0006 sec
2025-03-04 03:40:52,010 - fastapi - INFO - DB URL fetched from .env file
2025-03-04 03:40:59,412 - fastapi - INFO - DB URL fetched from .env file
2025-03-04 13:52:25,399 - fastapi - INFO - DB URL fetched from .env file
2025-03-04 13:52:26,895 - fastapi - INFO - DB URL fetched from .env file
2025-03-04 13:52:26,968 - watchfiles.main - INFO - 1 change detected
2025-03-04 13:52:27,319 - watchfiles.main - INFO - 4 changes detected
2025-03-04 13:52:27,669 - watchfiles.main - INFO - 1 change detected
2025-03-04 13:52:28,020 - watchfiles.main - INFO - 1 change detected
2025-03-04 13:52:28,370 - watchfiles.main - INFO - 1 change detected
2025-03-04 13:52:28,721 - watchfiles.main - INFO - 1 change detected
2025-03-04 13:52:29,071 - watchfiles.main - INFO - 1 change detected
2025-03-04 13:52:29,422 - watchfiles.main - INFO - 1 change detected
2025-03-04 13:52:29,772 - watchfiles.main - INFO - 1 change detected
2025-03-04 13:52:30,123 - watchfiles.main - INFO - 1 change detected
2025-03-04 13:52:30,473 - watchfiles.main - INFO - 1 change detected
2025-03-04 13:52:30,824 - watchfiles.main - INFO - 1 change detected
2025-03-04 13:52:31,174 - watchfiles.main - INFO - 1 change detected
2025-03-04 13:52:31,525 - watchfiles.main - INFO - 1 change detected
2025-03-04 13:52:31,875 - watchfiles.main - INFO - 1 change detected
2025-03-04 13:52:32,226 - watchfiles.main - INFO - 1 change detected
2025-03-04 13:52:32,576 - watchfiles.main - INFO - 1 change detected
2025-03-04 13:52:32,927 - watchfiles.main - INFO - 1 change detected
2025-03-04 13:52:33,277 - watchfiles.main - INFO - 1 change detected
2025-03-04 13:52:33,627 - watchfiles.main - INFO - 1 change detected
2025-03-04 13:52:33,978 - watchfiles.main - INFO - 1 change detected
2025-03-04 13:52:34,328 - watchfiles.main - INFO - 1 change detected
2025-03-04 13:52:34,679 - watchfiles.main - INFO - 1 change detected
2025-03-04 13:52:35,029 - watchfiles.main - INFO - 1 change detected
2025-03-04 13:52:35,380 - watchfiles.main - INFO - 1 change detected
2025-03-04 13:52:35,730 - watchfiles.main - INFO - 1 change detected
2025-03-04 13:52:36,081 - watchfiles.main - INFO - 1 change detected
2025-03-04 13:52:36,431 - watchfiles.main - INFO - 1 change detected
2025-03-04 13:52:36,781 - watchfiles.main - INFO - 1 change detected
2025-03-04 13:52:37,132 - watchfiles.main - INFO - 1 change detected
2025-03-04 13:52:37,482 - watchfiles.main - INFO - 1 change detected
2025-03-04 13:52:37,833 - watchfiles.main - INFO - 1 change detected
2025-03-04 13:52:38,184 - watchfiles.main - INFO - 1 change detected
2025-03-04 13:52:38,534 - watchfiles.main - INFO - 1 change detected
2025-03-04 13:52:38,884 - watchfiles.main - INFO - 1 change detected
2025-03-04 13:52:39,235 - watchfiles.main - INFO - 1 change detected
2025-03-04 13:52:39,585 - watchfiles.main - INFO - 1 change detected
2025-03-04 13:52:39,936 - watchfiles.main - INFO - 1 change detected
2025-03-04 13:52:40,286 - watchfiles.main - INFO - 1 change detected
2025-03-04 13:52:40,637 - watchfiles.main - INFO - 1 change detected
2025-03-04 13:52:40,987 - watchfiles.main - INFO - 1 change detected
2025-03-04 13:52:41,338 - watchfiles.main - INFO - 1 change detected
2025-03-04 13:52:41,688 - watchfiles.main - INFO - 1 change detected
2025-03-04 13:52:42,039 - watchfiles.main - INFO - 1 change detected
2025-03-04 13:52:42,389 - watchfiles.main - INFO - 1 change detected
2025-03-04 13:52:42,740 - watchfiles.main - INFO - 1 change detected
2025-03-04 13:52:43,090 - watchfiles.main - INFO - 1 change detected
2025-03-04 13:52:43,441 - watchfiles.main - INFO - 1 change detected
2025-03-04 13:52:43,791 - watchfiles.main - INFO - 1 change detected
2025-03-04 13:52:44,141 - watchfiles.main - INFO - 1 change detected
2025-03-04 13:52:44,492 - watchfiles.main - INFO - 1 change detected
2025-03-04 13:52:44,842 - watchfiles.main - INFO - 1 change detected
2025-03-04 13:52:45,193 - watchfiles.main - INFO - 1 change detected
2025-03-04 13:52:45,543 - watchfiles.main - INFO - 1 change detected
2025-03-04 13:52:45,894 - watchfiles.main - INFO - 1 change detected
2025-03-04 13:52:46,244 - watchfiles.main - INFO - 1 change detected
2025-03-04 13:52:46,595 - watchfiles.main - INFO - 1 change detected
2025-03-04 13:52:46,945 - watchfiles.main - INFO - 1 change detected
2025-03-04 13:52:47,296 - watchfiles.main - INFO - 1 change detected
2025-03-04 13:52:47,646 - watchfiles.main - INFO - 1 change detected
2025-03-04 13:52:47,997 - watchfiles.main - INFO - 1 change detected
2025-03-04 13:52:48,347 - watchfiles.main - INFO - 1 change detected
2025-03-04 13:52:48,698 - watchfiles.main - INFO - 1 change detected
2025-03-04 13:52:49,048 - watchfiles.main - INFO - 1 change detected
2025-03-04 13:52:49,398 - watchfiles.main - INFO - 1 change detected
2025-03-04 13:52:49,749 - watchfiles.main - INFO - 1 change detected
2025-03-04 13:52:50,099 - watchfiles.main - INFO - 1 change detected
2025-03-04 13:52:50,450 - watchfiles.main - INFO - 1 change detected
2025-03-04 13:52:50,800 - watchfiles.main - INFO - 1 change detected
2025-03-04 13:52:51,151 - watchfiles.main - INFO - 1 change detected
2025-03-04 13:52:51,501 - watchfiles.main - INFO - 1 change detected
2025-03-04 13:52:51,852 - watchfiles.main - INFO - 1 change detected
2025-03-04 13:52:52,202 - watchfiles.main - INFO - 1 change detected
2025-03-04 13:52:52,553 - watchfiles.main - INFO - 1 change detected
2025-03-04 13:52:52,903 - watchfiles.main - INFO - 1 change detected
2025-03-04 13:52:53,254 - watchfiles.main - INFO - 1 change detected
2025-03-04 13:52:53,604 - watchfiles.main - INFO - 1 change detected
2025-03-04 13:52:53,954 - watchfiles.main - INFO - 1 change detected
2025-03-04 13:52:54,305 - watchfiles.main - INFO - 1 change detected
2025-03-04 13:52:54,655 - watchfiles.main - INFO - 1 change detected
2025-03-04 13:52:55,006 - watchfiles.main - INFO - 1 change detected
2025-03-04 13:52:55,356 - watchfiles.main - INFO - 1 change detected
2025-03-04 13:52:55,707 - watchfiles.main - INFO - 1 change detected
2025-03-04 13:52:56,057 - watchfiles.main - INFO - 1 change detected
2025-03-04 13:52:56,408 - watchfiles.main - INFO - 1 change detected
2025-03-04 13:52:56,758 - watchfiles.main - INFO - 1 change detected
2025-03-04 13:52:57,108 - watchfiles.main - INFO - 1 change detected
2025-03-04 13:52:57,459 - watchfiles.main - INFO - 1 change detected
2025-03-04 13:52:57,810 - watchfiles.main - INFO - 1 change detected
2025-03-04 13:52:58,160 - watchfiles.main - INFO - 1 change detected
2025-03-04 13:52:58,511 - watchfiles.main - INFO - 1 change detected
2025-03-04 13:52:58,861 - watchfiles.main - INFO - 1 change detected
2025-03-04 13:52:59,211 - watchfiles.main - INFO - 1 change detected
2025-03-04 13:52:59,562 - watchfiles.main - INFO - 1 change detected
2025-03-04 13:52:59,912 - watchfiles.main - INFO - 1 change detected
2025-03-04 13:53:00,263 - watchfiles.main - INFO - 1 change detected
2025-03-04 13:53:00,613 - watchfiles.main - INFO - 1 change detected
2025-03-04 13:53:00,964 - watchfiles.main - INFO - 1 change detected
2025-03-04 13:53:01,314 - watchfiles.main - INFO - 1 change detected
2025-03-04 13:53:01,665 - watchfiles.main - INFO - 1 change detected
2025-03-04 13:53:02,015 - watchfiles.main - INFO - 1 change detected
2025-03-04 13:53:02,366 - watchfiles.main - INFO - 1 change detected
2025-03-04 13:53:02,716 - watchfiles.main - INFO - 1 change detected
2025-03-04 13:53:03,067 - watchfiles.main - INFO - 1 change detected
2025-03-04 13:53:03,417 - watchfiles.main - INFO - 1 change detected
2025-03-04 13:53:03,768 - watchfiles.main - INFO - 1 change detected
2025-03-04 13:53:04,118 - watchfiles.main - INFO - 1 change detected
2025-03-04 13:53:04,468 - watchfiles.main - INFO - 1 change detected
2025-03-04 13:53:04,819 - watchfiles.main - INFO - 1 change detected
2025-03-04 13:53:05,169 - watchfiles.main - INFO - 1 change detected
2025-03-04 13:53:05,520 - watchfiles.main - INFO - 1 change detected
2025-03-04 13:53:05,870 - watchfiles.main - INFO - 1 change detected
2025-03-04 13:53:06,221 - watchfiles.main - INFO - 1 change detected
2025-03-04 13:53:06,571 - watchfiles.main - INFO - 1 change detected
2025-03-04 13:53:06,922 - watchfiles.main - INFO - 1 change detected
2025-03-04 13:53:07,272 - watchfiles.main - INFO - 1 change detected
2025-03-04 13:53:07,623 - watchfiles.main - INFO - 1 change detected
2025-03-04 13:53:07,973 - watchfiles.main - INFO - 1 change detected
2025-03-04 13:53:08,324 - watchfiles.main - INFO - 1 change detected
2025-03-04 13:53:08,674 - watchfiles.main - INFO - 1 change detected
2025-03-04 13:53:09,025 - watchfiles.main - INFO - 1 change detected
2025-03-04 13:53:09,375 - watchfiles.main - INFO - 1 change detected
2025-03-04 13:53:09,726 - watchfiles.main - INFO - 1 change detected
2025-03-04 13:53:10,076 - watchfiles.main - INFO - 1 change detected
2025-03-04 13:53:10,426 - watchfiles.main - INFO - 1 change detected
2025-03-04 13:53:10,777 - watchfiles.main - INFO - 1 change detected
2025-03-04 13:53:11,127 - watchfiles.main - INFO - 1 change detected
2025-03-04 13:53:11,478 - watchfiles.main - INFO - 1 change detected
2025-03-04 13:53:11,828 - watchfiles.main - INFO - 1 change detected
2025-03-04 13:53:12,179 - watchfiles.main - INFO - 1 change detected
2025-03-04 13:53:12,530 - watchfiles.main - INFO - 1 change detected
2025-03-04 13:53:12,880 - watchfiles.main - INFO - 1 change detected
2025-03-04 13:53:13,231 - watchfiles.main - INFO - 1 change detected
2025-03-04 13:53:13,581 - watchfiles.main - INFO - 1 change detected
2025-03-04 13:53:13,931 - watchfiles.main - INFO - 1 change detected
2025-03-04 13:53:14,282 - watchfiles.main - INFO - 1 change detected
2025-03-04 13:53:14,632 - watchfiles.main - INFO - 1 change detected
2025-03-04 13:53:14,983 - watchfiles.main - INFO - 1 change detected
2025-03-04 13:53:15,333 - watchfiles.main - INFO - 1 change detected
2025-03-04 13:53:15,684 - watchfiles.main - INFO - 1 change detected
2025-03-04 13:53:16,035 - watchfiles.main - INFO - 1 change detected
2025-03-04 13:53:16,385 - watchfiles.main - INFO - 1 change detected
2025-03-04 13:53:16,735 - watchfiles.main - INFO - 1 change detected
2025-03-04 13:53:17,086 - watchfiles.main - INFO - 1 change detected
2025-03-04 13:53:17,436 - watchfiles.main - INFO - 1 change detected
2025-03-04 13:53:17,787 - watchfiles.main - INFO - 1 change detected
2025-03-04 13:53:18,137 - watchfiles.main - INFO - 1 change detected
2025-03-04 13:53:18,488 - watchfiles.main - INFO - 1 change detected
2025-03-04 13:53:18,838 - watchfiles.main - INFO - 1 change detected
2025-03-04 13:53:19,189 - watchfiles.main - INFO - 1 change detected
2025-03-04 13:53:19,539 - watchfiles.main - INFO - 1 change detected
2025-03-04 13:53:19,890 - watchfiles.main - INFO - 1 change detected
2025-03-04 13:53:20,240 - watchfiles.main - INFO - 1 change detected
2025-03-04 13:53:20,591 - watchfiles.main - INFO - 1 change detected
2025-03-04 13:53:20,941 - watchfiles.main - INFO - 1 change detected
2025-03-04 13:53:21,292 - watchfiles.main - INFO - 1 change detected
2025-03-04 13:53:21,642 - watchfiles.main - INFO - 1 change detected
2025-03-04 13:53:21,992 - watchfiles.main - INFO - 1 change detected
2025-03-04 13:53:22,343 - watchfiles.main - INFO - 1 change detected
2025-03-04 13:53:22,693 - watchfiles.main - INFO - 1 change detected
2025-03-04 13:53:23,044 - watchfiles.main - INFO - 1 change detected
2025-03-04 13:53:23,394 - watchfiles.main - INFO - 1 change detected
2025-03-04 13:53:47,357 - fastapi - INFO - DB URL fetched from .env file
2025-03-04 13:53:59,857 - fastapi - INFO - User: Anonymous | Request: GET http://localhost:8000/
2025-03-04 13:53:59,868 - fastapi - INFO - Response: 200 | Time taken: 0.0109 sec
2025-03-04 13:54:00,039 - fastapi - INFO - User: Anonymous | Request: GET http://localhost:8000/favicon.ico
2025-03-04 13:54:00,040 - fastapi - INFO - Response: 404 | Time taken: 0.0004 sec
2025-03-04 13:54:07,115 - fastapi - INFO - User: Anonymous | Request: POST http://localhost:8000/auth/register
2025-03-04 14:00:48,979 - fastapi - INFO - User: Anonymous | Request: POST http://localhost:8000/auth/register
2025-03-04 14:00:49,561 - fastapi - INFO - Response: 400 | Time taken: 0.5823 sec
2025-03-04 14:01:24,669 - fastapi - INFO - User: Anonymous | Request: POST http://localhost:8000/auth/login
2025-03-04 14:01:24,672 - passlib.handlers.bcrypt - WARNING - (trapped) error reading bcrypt version
Traceback (most recent call last):
  File "/home/panda/mfa/financial-decision/venv/lib/python3.10/site-packages/passlib/handlers/bcrypt.py", line 620, in _load_backend_mixin
    version = _bcrypt.__about__.__version__
AttributeError: module 'bcrypt' has no attribute '__about__'
2025-03-04 14:01:24,866 - fastapi - INFO - Response: 400 | Time taken: 0.1971 sec
2025-03-04 14:08:16,035 - fastapi - INFO - Unauthenticated access attempt to http://localhost:8000/users/me
2025-03-04 14:08:16,056 - fastapi - INFO - User: Anonymous | Request: GET http://localhost:8000/auth/login
2025-03-04 14:08:16,056 - fastapi - INFO - Response: 405 | Time taken: 0.0002 sec
2025-03-04 14:08:25,453 - fastapi - INFO - User: Anonymous | Request: POST http://localhost:8000/auth/login
2025-03-04 14:08:25,694 - fastapi - INFO - Response: 200 | Time taken: 0.2418 sec
2025-03-04 14:08:30,786 - fastapi - INFO - User: Anonymous | Request: GET http://localhost:8000/auth/me
2025-03-04 14:08:30,786 - fastapi - INFO - Response: 404 | Time taken: 0.0004 sec
2025-03-04 14:17:15,684 - fastapi - INFO - User: Anonymous | Request: POST http://localhost:8000/auth/login
2025-03-04 14:17:15,850 - fastapi - INFO - Response: 200 | Time taken: 0.1662 sec
2025-03-04 14:17:41,925 - fastapi - INFO - User: Anonymous | Request: GET http://localhost:8000/user
2025-03-04 14:17:41,925 - fastapi - INFO - Response: 404 | Time taken: 0.0004 sec
2025-03-04 14:17:46,006 - fastapi - INFO - User: Anonymous | Request: GET http://localhost:8000/user/me
2025-03-04 14:17:46,007 - fastapi - INFO - Response: 404 | Time taken: 0.0004 sec
2025-03-04 14:17:53,026 - fastapi - INFO - Unauthenticated access attempt to http://localhost:8000/users/me
2025-03-04 14:17:53,033 - fastapi - INFO - User: Anonymous | Request: GET http://localhost:8000/auth/login
2025-03-04 14:17:53,034 - fastapi - INFO - Response: 405 | Time taken: 0.0002 sec
2025-03-04 14:19:50,713 - fastapi - INFO - User: Anonymous | Request: POST http://localhost:8000/auth/login
2025-03-04 14:19:50,877 - fastapi - INFO - Response: 200 | Time taken: 0.1643 sec
2025-03-04 14:20:14,992 - fastapi - INFO - User: Anonymous | Request: POST http://localhost:8000/auth/login
2025-03-04 14:20:15,156 - fastapi - INFO - Response: 200 | Time taken: 0.1647 sec
2025-03-04 14:20:23,236 - fastapi - INFO - User: Anonymous | Request: GET http://localhost:8000/auth/login
2025-03-04 14:20:23,236 - fastapi - INFO - Response: 405 | Time taken: 0.0003 sec
2025-03-04 14:20:48,951 - fastapi - INFO - User: Anonymous | Request: GET http://localhost:8000/user/me
2025-03-04 14:20:48,951 - fastapi - INFO - Response: 404 | Time taken: 0.0004 sec
2025-03-04 14:21:18,233 - fastapi - WARNING - Invalid token detected for request: http://localhost:8000/users/me
2025-03-04 14:21:18,233 - fastapi - INFO - Unauthenticated access attempt to http://localhost:8000/users/me
2025-03-04 14:21:27,340 - fastapi - INFO - User: Anonymous | Request: POST http://localhost:8000/auth/login
2025-03-04 14:21:27,505 - fastapi - INFO - Response: 200 | Time taken: 0.1650 sec
2025-03-04 14:22:02,085 - fastapi - INFO - User: test@ting.com | Request: GET http://localhost:8000/users/me
2025-03-04 14:22:02,087 - fastapi - INFO - Response: 200 | Time taken: 0.0024 sec
2025-03-04 14:26:59,829 - fastapi - INFO - DB URL fetched from .env file
2025-03-04 14:27:06,336 - fastapi - INFO - User: test@ting.com | Request: GET http://localhost:8000/users/me
2025-03-04 14:27:06,355 - routes.users - INFO - USER Validation Complete
2025-03-04 14:27:06,355 - routes.users - INFO - User valid
2025-03-04 14:27:06,358 - fastapi - INFO - Response: 200 | Time taken: 0.0231 sec
2025-03-04 14:29:50,705 - fastapi - INFO - User: Anonymous | Request: POST http://localhost:8000/auth/login
2025-03-04 14:29:50,707 - passlib.handlers.bcrypt - WARNING - (trapped) error reading bcrypt version
Traceback (most recent call last):
  File "/home/panda/mfa/financial-decision/venv/lib/python3.10/site-packages/passlib/handlers/bcrypt.py", line 620, in _load_backend_mixin
    version = _bcrypt.__about__.__version__
AttributeError: module 'bcrypt' has no attribute '__about__'
2025-03-04 14:29:50,885 - fastapi - INFO - Response: 200 | Time taken: 0.1799 sec
2025-03-04 14:30:27,244 - fastapi - INFO - User: test@ting.com | Request: GET http://localhost:8000/users/me
2025-03-04 14:30:27,246 - routes.users - INFO - USER Validation Complete
2025-03-04 14:30:27,246 - routes.users - INFO - User valid
2025-03-04 14:30:27,247 - fastapi - INFO - Response: 200 | Time taken: 0.0027 sec
2025-03-04 14:31:02,308 - fastapi - WARNING - Invalid token detected for request: http://localhost:8000/users/me
2025-03-04 14:31:02,308 - fastapi - INFO - Unauthenticated access attempt to http://localhost:8000/users/me
2025-03-04 15:47:42,201 - fastapi - INFO - User: Anonymous | Request: GET http://localhost:8000/
2025-03-04 15:47:42,203 - fastapi - INFO - Response: 200 | Time taken: 0.0024 sec
2025-03-04 15:47:47,711 - fastapi - INFO - User: Anonymous | Request: POST http://localhost:8000/auth/login
2025-03-04 15:47:47,731 - passlib.handlers.bcrypt - WARNING - (trapped) error reading bcrypt version
Traceback (most recent call last):
  File "/home/panda/mfa/financial-decision/venv/lib/python3.10/site-packages/passlib/handlers/bcrypt.py", line 620, in _load_backend_mixin
    version = _bcrypt.__about__.__version__
AttributeError: module 'bcrypt' has no attribute '__about__'
2025-03-04 15:47:47,910 - fastapi - INFO - Response: 200 | Time taken: 0.1984 sec
2025-03-04 15:48:33,896 - fastapi - INFO - User: test@ting.com | Request: GET http://localhost:8000/users/me
2025-03-04 15:48:33,897 - routes.users - INFO - User validated via /me endpoint.
2025-03-04 15:48:33,901 - fastapi - INFO - Response: 200 | Time taken: 0.0051 sec
2025-03-04 15:49:06,640 - fastapi - INFO - User: test@ting.com | Request: GET http://localhost:8000/users/dashboard
2025-03-04 15:49:06,641 - fastapi - INFO - Response: 200 | Time taken: 0.0021 sec
2025-03-04 15:50:21,544 - fastapi - INFO - User: test@ting.com | Request: GET http://localhost:8000/users/dashboard
2025-03-04 15:50:21,546 - fastapi - INFO - Response: 200 | Time taken: 0.0021 sec
2025-03-04 15:50:26,356 - fastapi - INFO - User: test@ting.com | Request: GET http://localhost:8000/users/dashboard
2025-03-04 15:50:26,358 - fastapi - INFO - Response: 200 | Time taken: 0.0021 sec
2025-03-04 15:54:01,265 - fastapi - INFO - User: test@ting.com | Request: GET http://localhost:8000/users/dashboard
2025-03-04 15:54:01,267 - fastapi - INFO - Response: 200 | Time taken: 0.0020 sec
2025-03-04 15:54:06,522 - fastapi - WARNING - Invalid token detected for request: http://localhost:8000/users/me
2025-03-04 15:54:06,522 - fastapi - INFO - Unauthenticated access attempt to http://localhost:8000/users/me
2025-03-04 15:56:48,223 - fastapi - WARNING - Invalid token detected for request: http://localhost:8000/users/me
2025-03-04 15:56:48,223 - fastapi - INFO - Unauthenticated access attempt to http://localhost:8000/users/me
2025-03-04 15:57:00,641 - fastapi - WARNING - Invalid token detected for request: http://localhost:8000/users/me
2025-03-04 15:57:00,641 - fastapi - INFO - Unauthenticated access attempt to http://localhost:8000/users/me
2025-03-04 15:57:21,886 - fastapi - WARNING - Invalid token detected for request: http://localhost:8000/users/me
2025-03-04 15:57:21,886 - fastapi - INFO - Unauthenticated access attempt to http://localhost:8000/users/me
2025-03-04 15:57:38,999 - fastapi - WARNING - Invalid token detected for request: http://localhost:8000/users/me
2025-03-04 15:57:38,999 - fastapi - INFO - Unauthenticated access attempt to http://localhost:8000/users/me
2025-03-04 15:58:08,070 - fastapi - WARNING - Invalid token detected for request: http://localhost:8000/users/me
2025-03-04 15:58:08,070 - fastapi - INFO - Unauthenticated access attempt to http://localhost:8000/users/me
2025-03-04 15:58:08,070 - fastapi - WARNING - Invalid token detected for request: http://localhost:8000/auth/login
2025-03-04 15:58:08,070 - fastapi - INFO - User: Anonymous | Request: GET http://localhost:8000/auth/login
2025-03-04 15:58:08,071 - fastapi - INFO - Response: 405 | Time taken: 0.0005 sec
2025-03-04 15:59:04,172 - fastapi - WARNING - Invalid token detected for request: http://localhost:8000/users/me
2025-03-04 15:59:04,172 - fastapi - INFO - Unauthenticated access attempt to http://localhost:8000/users/me
2025-03-04 16:06:29,421 - fastapi - INFO - User: test@ting.com | Request: GET http://localhost:8000/users/dashboard
2025-03-04 16:06:29,421 - routes.users - INFO - Got email from request
2025-03-04 16:06:29,440 - fastapi - INFO - Response: 200 | Time taken: 0.0211 sec
2025-03-04 16:07:56,829 - fastapi - INFO - User: test@ting.com | Request: GET http://localhost:8000/users/dashboard
2025-03-04 16:07:56,830 - routes.users - INFO - Got email from request
2025-03-04 16:07:56,831 - fastapi - INFO - Response: 200 | Time taken: 0.0021 sec
2025-03-04 16:10:58,225 - fastapi - INFO - User: test@ting.com | Request: GET http://localhost:8000/users/dashboard
2025-03-04 16:10:58,226 - routes.users - INFO - Got email from request
2025-03-04 16:10:58,350 - routes.users - INFO - TEST: Folios is []
2025-03-04 16:10:58,351 - fastapi - INFO - Response: 200 | Time taken: 0.1265 sec
2025-03-04 16:13:56,324 - fastapi - INFO - User: test@ting.com | Request: GET http://localhost:8000/users/dashboard
2025-03-04 16:13:56,325 - routes.users - INFO - Got email from request
2025-03-04 16:13:56,344 - routes.users - INFO - User folio record not found; redirecting to /users/getstarted
2025-03-04 16:13:56,345 - fastapi - INFO - Response: 307 | Time taken: 0.0218 sec
2025-03-04 16:13:56,346 - fastapi - INFO - User: test@ting.com | Request: GET http://localhost:8000/users/getstarted
2025-03-04 16:13:56,347 - fastapi - INFO - Response: 200 | Time taken: 0.0005 sec
2025-03-04 16:23:40,377 - fastapi - INFO - Unauthenticated access attempt to http://localhost:8000/users/dashboard
2025-03-04 16:23:40,398 - fastapi - INFO - User: Anonymous | Request: GET http://localhost:8000/auth/login
2025-03-04 16:23:40,398 - fastapi - INFO - Response: 405 | Time taken: 0.0003 sec
2025-03-04 16:26:36,060 - fastapi - INFO - User: Anonymous | Request: GET http://localhost:8000/upload
2025-03-04 16:26:36,060 - fastapi - INFO - Response: 404 | Time taken: 0.0005 sec
2025-03-04 16:27:16,573 - fastapi - INFO - User: Anonymous | Request: GET http://localhost:8000/
2025-03-04 16:27:16,576 - fastapi - INFO - Response: 200 | Time taken: 0.0028 sec
2025-03-04 16:27:18,868 - fastapi - INFO - User: Anonymous | Request: GET http://localhost:8000/
2025-03-04 16:27:18,868 - fastapi - INFO - Response: 200 | Time taken: 0.0006 sec
2025-03-04 16:27:54,163 - fastapi - INFO - User: Anonymous | Request: GET http://localhost:8000/upload
2025-03-04 16:27:54,165 - fastapi - INFO - Response: 200 | Time taken: 0.0021 sec
2025-03-04 16:36:32,566 - fastapi - WARNING - Invalid token detected for request: http://localhost:8000/users/dashboard
2025-03-04 16:36:32,566 - fastapi - INFO - Unauthenticated access attempt to http://localhost:8000/users/dashboard
2025-03-04 16:37:51,319 - fastapi - WARNING - Invalid token detected for request: http://localhost:8000/users/dashboard
2025-03-04 16:37:51,319 - fastapi - INFO - Unauthenticated access attempt to http://localhost:8000/users/dashboard
2025-03-04 16:46:28,966 - fastapi - WARNING - Invalid token detected for request: http://localhost:8000/users/dashboard
2025-03-04 16:46:28,966 - fastapi - INFO - Unauthenticated access attempt to http://localhost:8000/users/dashboard
2025-03-04 16:50:20,440 - fastapi - INFO - User: Anonymous | Request: GET http://localhost:8000/upload
2025-03-04 16:50:20,442 - fastapi - INFO - Response: 200 | Time taken: 0.0020 sec
2025-03-04 16:50:33,369 - fastapi - INFO - User: Anonymous | Request: POST http://localhost:8000/upload.py
2025-03-04 16:50:33,369 - fastapi - INFO - Response: 404 | Time taken: 0.0006 sec
2025-03-04 16:52:21,208 - fastapi - INFO - User: Anonymous | Request: POST http://localhost:8000/upload.py
2025-03-04 16:52:21,208 - fastapi - INFO - Response: 404 | Time taken: 0.0004 sec
2025-03-04 17:01:14,795 - fastapi - INFO - User: Anonymous | Request: GET http://localhost:8000/upload
2025-03-04 17:01:14,797 - fastapi - INFO - Response: 200 | Time taken: 0.0021 sec
2025-03-04 17:01:24,750 - fastapi - INFO - Unauthenticated access attempt to http://localhost:8000/users/getstarted
2025-03-04 17:01:24,836 - fastapi - INFO - User: Anonymous | Request: POST http://localhost:8000/auth/login
2025-03-04 17:01:24,857 - fastapi - INFO - Response: 422 | Time taken: 0.0209 sec
2025-03-04 21:17:07,046 - fastapi - INFO - User: Anonymous | Request: GET http://localhost:8000/
2025-03-04 21:17:07,048 - fastapi - INFO - Response: 200 | Time taken: 0.0021 sec
2025-03-04 21:17:07,171 - fastapi - INFO - User: Anonymous | Request: GET http://localhost:8000/favicon.ico
2025-03-04 21:17:07,171 - fastapi - INFO - Response: 404 | Time taken: 0.0003 sec
2025-03-04 21:17:12,142 - fastapi - INFO - User: Anonymous | Request: GET http://localhost:8000/upload
2025-03-04 21:17:12,143 - fastapi - INFO - Response: 200 | Time taken: 0.0010 sec
2025-03-04 21:17:28,312 - fastapi - INFO - User: Anonymous | Request: POST http://localhost:8000/uploading
2025-03-04 21:17:28,372 - root - INFO - Received file '13.pdf' with provided password.
2025-03-04 21:26:41,642 - fastapi - INFO - User: Anonymous | Request: POST http://localhost:8000/uploading
2025-03-04 21:26:41,677 - root - INFO - Received file '13.pdf' with provided password.
2025-03-04 21:26:56,605 - fastapi - INFO - User: Anonymous | Request: POST http://localhost:8000/uploading
2025-03-04 21:26:56,655 - root - INFO - Received file '13.pdf' with provided password.
2025-03-04 21:26:56,655 - fastapi - INFO - Response: 200 | Time taken: 0.0501 sec
2025-03-04 21:34:25,766 - fastapi - INFO - User: Anonymous | Request: POST http://localhost:8000/uploading
2025-03-04 21:34:25,824 - root - INFO - Received file '13.pdf' with provided password.
2025-03-04 21:34:46,279 - fastapi - INFO - User: Anonymous | Request: POST http://localhost:8000/uploading
2025-03-04 21:34:46,339 - root - INFO - Received file '13.pdf' with provided password.
2025-03-04 21:34:51,409 - fastapi - INFO - Response: 200 | Time taken: 5.1298 sec
2025-03-04 21:36:42,730 - fastapi - INFO - User: Anonymous | Request: POST http://localhost:8000/uploading
2025-03-04 21:36:42,758 - root - INFO - Received file '13.pdf' with provided password.
2025-03-04 21:37:26,046 - fastapi - INFO - User: Anonymous | Request: POST http://localhost:8000/uploading
2025-03-04 21:37:26,116 - root - INFO - Received file '13.pdf' with provided password.
2025-03-04 21:38:30,662 - fastapi - INFO - User: Anonymous | Request: POST http://localhost:8000/uploading
2025-03-04 21:38:30,730 - root - INFO - Received file '13.pdf' with provided password.
2025-03-04 21:38:35,098 - fastapi - INFO - Response: 200 | Time taken: 4.4357 sec
2025-03-04 21:38:49,036 - fastapi - INFO - User: Anonymous | Request: GET http://172.16.16.40:8000/dashboard
2025-03-04 21:38:49,036 - fastapi - INFO - Response: 404 | Time taken: 0.0004 sec
2025-03-04 21:38:49,130 - fastapi - INFO - User: Anonymous | Request: GET http://172.16.16.40:8000/favicon.ico
2025-03-04 21:38:49,130 - fastapi - INFO - Response: 404 | Time taken: 0.0003 sec
2025-03-04 21:38:51,936 - fastapi - INFO - User: Anonymous | Request: GET http://172.16.16.40:8000/
2025-03-04 21:38:51,938 - fastapi - INFO - Response: 200 | Time taken: 0.0022 sec
2025-03-04 21:38:55,428 - fastapi - INFO - User: Anonymous | Request: GET http://172.16.16.40:8000/upload
2025-03-04 21:38:55,429 - fastapi - INFO - Response: 200 | Time taken: 0.0011 sec
2025-03-04 21:45:55,523 - fastapi - INFO - User: Anonymous | Request: GET http://localhost:8000/upload
2025-03-04 21:45:55,523 - fastapi - INFO - Response: 200 | Time taken: 0.0005 sec
2025-03-04 21:46:08,842 - fastapi - INFO - User: Anonymous | Request: POST http://localhost:8000/uploading
2025-03-04 21:46:08,901 - root - INFO - Received file '13.pdf' with provided password.
2025-03-04 21:46:13,227 - fastapi - INFO - Response: 200 | Time taken: 4.3850 sec
2025-03-04 21:47:44,941 - fastapi - INFO - User: Anonymous | Request: POST http://localhost:8000/uploading
2025-03-04 21:47:44,996 - root - INFO - Received file '13.pdf' with provided password.
2025-03-04 21:47:47,225 - fastapi - INFO - Response: 200 | Time taken: 2.2845 sec
2025-03-04 21:50:06,394 - fastapi - INFO - User: Anonymous | Request: POST http://localhost:8000/uploading
2025-03-04 21:50:06,439 - root - INFO - Received file '13.pdf' with provided password.
2025-03-04 21:50:08,671 - fastapi - INFO - Response: 200 | Time taken: 2.2769 sec
2025-03-05 11:43:17,277 - fastapi - INFO - User: Anonymous | Request: POST http://localhost:8000/uploading
2025-03-05 11:43:17,302 - root - INFO - Received file '13.pdf' with provided password.
2025-03-05 11:43:17,302 - routes.pdf_converter - INFO - Converting /home/panda/mfa/financial-decision/upload/13.pdf to json
2025-03-05 11:43:19,562 - routes.pdf_converter - INFO - File Converted
2025-03-05 11:43:19,562 - fastapi - INFO - Response: 200 | Time taken: 2.2847 sec
2025-03-05 11:45:14,178 - fastapi - INFO - User: Anonymous | Request: POST http://localhost:8000/uploading
2025-03-05 11:45:14,201 - root - INFO - Received file '13.pdf' with provided password.
2025-03-05 11:45:14,201 - fastapi - INFO - Response: 200 | Time taken: 0.0236 sec
2025-03-05 11:48:37,283 - fastapi - INFO - User: Anonymous | Request: POST http://localhost:8000/uploading
2025-03-05 11:48:37,347 - root - INFO - Received file '13.pdf' with provided password.
2025-03-05 11:48:37,364 - routes.pdf_converter - ERROR - Conversion PARSER Module FAILED. Is password Correct? Incorrect PDF password!
Traceback (most recent call last):
  File "/home/panda/mfa/financial-decision/venv/lib/python3.10/site-packages/casparser/parsers/pdfminer.py", line 133, in cas_pdf_to_text
    document = PDFDocument(pdf_parser, password=password)
  File "/home/panda/mfa/financial-decision/venv/lib/python3.10/site-packages/pdfminer/pdfdocument.py", line 744, in __init__
    self._initialize_password(password)
  File "/home/panda/mfa/financial-decision/venv/lib/python3.10/site-packages/pdfminer/pdfdocument.py", line 771, in _initialize_password
    handler = factory(docid, param, password)
  File "/home/panda/mfa/financial-decision/venv/lib/python3.10/site-packages/pdfminer/pdfdocument.py", line 358, in __init__
    self.init()
  File "/home/panda/mfa/financial-decision/venv/lib/python3.10/site-packages/pdfminer/pdfdocument.py", line 366, in init
    self.init_key()
  File "/home/panda/mfa/financial-decision/venv/lib/python3.10/site-packages/pdfminer/pdfdocument.py", line 381, in init_key
    raise PDFPasswordIncorrect
pdfminer.pdfdocument.PDFPasswordIncorrect

During handling of the above exception, another exception occurred:

Traceback (most recent call last):
  File "/home/panda/mfa/financial-decision/routes/pdf_converter.py", line 37, in convertpdf
    csv_str = casparser.read_cas_pdf(pdf_file_path, password, output="json")
  File "/home/panda/mfa/financial-decision/venv/lib/python3.10/site-packages/casparser/parsers/__init__.py", line 34, in read_cas_pdf
    partial_cas_data = cas_pdf_to_text(filename, password)
  File "/home/panda/mfa/financial-decision/venv/lib/python3.10/site-packages/casparser/parsers/pdfminer.py", line 135, in cas_pdf_to_text
    raise IncorrectPasswordError("Incorrect PDF password!")
casparser.exceptions.IncorrectPasswordError: Incorrect PDF password!
2025-03-05 11:48:37,364 - fastapi - INFO - Response: 200 | Time taken: 0.0816 sec
2025-03-05 11:53:57,330 - fastapi - INFO - User: Anonymous | Request: POST http://localhost:8000/uploading
2025-03-05 11:53:57,380 - root - INFO - Received file '13.pdf' with provided password.
2025-03-05 11:53:57,396 - routes.pdf_converter - ERROR - Conversion PARSER Module FAILED. Incorrect PDF password!
2025-03-05 11:53:57,396 - fastapi - INFO - Response: 200 | Time taken: 0.0661 sec
